Unity Editor version:    6000.0.43f1 (97272b72f107)
Branch:                  6000.0/release
Build type:              Release
Batch mode:              YES
macOS version:           Version 14.6.1 (Build 23G93)
Darwin version:          23.6.0
Architecture:            x86_64
Running under Rosetta:   NO
Available memory:        16384 MB
Using pre-set license
Pro License: YES

COMMAND LINE ARGUMENTS:
/Applications/Unity/Hub/Editor/6000.0.43f1/Unity.app/Contents/MacOS/Unity
-adb2
-batchMode
-noUpm
-name
AssetImportWorker0
-projectPath
/Users/jhonfredycriollovargas/Documents/Personal/OVA/Proyecto/Mateo+ticas
-logFile
Logs/AssetImportWorker0.log
-srvPort
63762
-job-worker-count
5
-background-job-worker-count
8
-gc-helper-count
1
Successfully changed project path to: /Users/jhonfredycriollovargas/Documents/Personal/OVA/Proyecto/Mateo+ticas
/Users/jhonfredycriollovargas/Documents/Personal/OVA/Proyecto/Mateo+ticas
[UnityMemory] Configuration Parameters - Can be set up in boot.config
    "memorysetup-bucket-allocator-granularity=16"
    "memorysetup-bucket-allocator-bucket-count=8"
    "memorysetup-bucket-allocator-block-size=33554432"
    "memorysetup-bucket-allocator-block-count=8"
    "memorysetup-main-allocator-block-size=16777216"
    "memorysetup-thread-allocator-block-size=16777216"
    "memorysetup-gfx-main-allocator-block-size=16777216"
    "memorysetup-gfx-thread-allocator-block-size=16777216"
    "memorysetup-cache-allocator-block-size=4194304"
    "memorysetup-typetree-allocator-block-size=2097152"
    "memorysetup-profiler-bucket-allocator-granularity=16"
    "memorysetup-profiler-bucket-allocator-bucket-count=8"
    "memorysetup-profiler-bucket-allocator-block-size=33554432"
    "memorysetup-profiler-bucket-allocator-block-count=8"
    "memorysetup-profiler-allocator-block-size=16777216"
    "memorysetup-profiler-editor-allocator-block-size=1048576"
    "memorysetup-temp-allocator-size-main=16777216"
    "memorysetup-job-temp-allocator-block-size=2097152"
    "memorysetup-job-temp-allocator-block-size-background=1048576"
    "memorysetup-job-temp-allocator-reduction-small-platforms=262144"
    "memorysetup-allocator-temp-initial-block-size-main=262144"
    "memorysetup-allocator-temp-initial-block-size-worker=262144"
    "memorysetup-temp-allocator-size-background-worker=32768"
    "memorysetup-temp-allocator-size-job-worker=262144"
    "memorysetup-temp-allocator-size-preload-manager=33554432"
    "memorysetup-temp-allocator-size-nav-mesh-worker=65536"
    "memorysetup-temp-allocator-size-audio-worker=65536"
    "memorysetup-temp-allocator-size-cloud-worker=32768"
    "memorysetup-temp-allocator-size-gi-baking-worker=262144"
    "memorysetup-temp-allocator-size-gi-baking-worker=262144"
    "memorysetup-temp-allocator-size-gi-baking-worker=262144"
    "memorysetup-temp-allocator-size-gi-baking-worker=262144"
    "memorysetup-temp-allocator-size-gi-baking-worker=262144"
    "memorysetup-temp-allocator-size-gfx=262144"
Player connection [140704575327680]  Target information:

Player connection [140704575327680]  * "[IP] 192.168.0.4 [Port] 0 [Flags] 2 [Guid] 1547647681 [EditorId] 1547647681 [Version] 1048832 [Id] OSXEditor(0,MACBdB-SJMD6M) [Debug] 1 [PackageName] OSXEditor [ProjectName] Editor" 

Player connection [140704575327680] Host joined multi-casting on [225.0.0.222:54997]...
Player connection [140704575327680] Host joined alternative multi-casting on [225.0.0.222:34997]...
JobSystem: Creating JobQueue using job-worker-count value 5
Input System module state changed to: Initialized.
[Physics::Module] Initialized fallback backend.
[Physics::Module] Id: 0xdecafbad
Library Redirect Path: Library/
[Physics::Module] Selected backend.
[Physics::Module] Name: PhysX
[Physics::Module] Id: 0xf2b8ea05
[Physics::Module] SDK Version: 4.1.2
[Physics::Module] Integration Version: 1.0.0
[Physics::Module] Threading Mode: Multi-Threaded
Refreshing native plugins compatible for Editor in 6.11 ms, found 3 plugins.
Preloading 0 native plugins for Editor in 0.00 ms.
Initialize engine version: 6000.0.43f1 (97272b72f107)
[Subsystems] Discovering subsystems at path /Applications/Unity/Hub/Editor/6000.0.43f1/Unity.app/Contents/Resources/UnitySubsystems
[Subsystems] Discovering subsystems at path /Users/jhonfredycriollovargas/Documents/Personal/OVA/Proyecto/Mateo+ticas/Assets
GfxDevice: creating device client; kGfxThreadingModeNonThreaded
Color LCD preferred device: AMD Radeon Pro 5300M (high power)
Metal devices available: 2
0: AMD Radeon Pro 5300M (high power)
1: Intel(R) UHD Graphics 630 (low power)
Using device AMD Radeon Pro 5300M (high power)
Initializing Metal device caps: AMD Radeon Pro 5300M
Initialize mono
Mono path[0] = '/Applications/Unity/Hub/Editor/6000.0.43f1/Unity.app/Contents/Managed'
Mono path[1] = '/Applications/Unity/Hub/Editor/6000.0.43f1/Unity.app/Contents/MonoBleedingEdge/lib/mono/unityjit-macos'
Mono config path = '/Applications/Unity/Hub/Editor/6000.0.43f1/Unity.app/Contents/MonoBleedingEdge/etc'
Using monoOptions --debugger-agent=transport=dt_socket,embedding=1,server=y,suspend=n,address=127.0.0.1:56454
Begin MonoManager ReloadAssembly
Registering precompiled unity dll's ...
Register platform support module: /Applications/Unity/Hub/Editor/6000.0.43f1/PlaybackEngines/WebGLSupport/UnityEditor.WebGL.Extensions.dll
Register platform support module: /Applications/Unity/Hub/Editor/6000.0.43f1/Unity.app/Contents/PlaybackEngines/MacStandaloneSupport/UnityEditor.OSXStandalone.Extensions.dll
Registered in 0.003908 seconds.
- Loaded All Assemblies, in  0.733 seconds
Native extension for OSXStandalone target not found
Native extension for WebGL target not found
Mono: successfully reloaded assembly
- Finished resetting the current domain, in  0.599 seconds
Domain Reload Profiling: 1333ms
	BeginReloadAssembly (213ms)
		ExecutionOrderSort (0ms)
		DisableScriptedObjects (0ms)
		BackupInstance (0ms)
		ReleaseScriptingObjects (0ms)
		CreateAndSetChildDomain (1ms)
	RebuildCommonClasses (72ms)
	RebuildNativeTypeToScriptingClass (22ms)
	initialDomainReloadingComplete (80ms)
	LoadAllAssembliesAndSetupDomain (346ms)
		LoadAssemblies (215ms)
		RebuildTransferFunctionScriptingTraits (0ms)
		AnalyzeDomain (339ms)
			TypeCache.Refresh (336ms)
				TypeCache.ScanAssembly (312ms)
			BuildScriptInfoCaches (0ms)
			ResolveRequiredComponents (1ms)
	FinalizeReload (600ms)
		ReleaseScriptCaches (0ms)
		RebuildScriptCaches (0ms)
		SetupLoadedEditorAssemblies (515ms)
			LogAssemblyErrors (0ms)
			InitializePlatformSupportModulesInManaged (66ms)
			SetLoadedEditorAssemblies (7ms)
			BeforeProcessingInitializeOnLoad (96ms)
			ProcessInitializeOnLoadAttributes (237ms)
			ProcessInitializeOnLoadMethodAttributes (109ms)
			AfterProcessingInitializeOnLoad (0ms)
			EditorAssembliesLoaded (0ms)
		ExecutionOrderSort2 (0ms)
		AwakeInstancesAfterBackupRestoration (0ms)
========================================================================
Worker process is ready to serve import requests
Import Worker Mode flag is 0x00
Begin MonoManager ReloadAssembly
- Loaded All Assemblies, in  1.747 seconds
Refreshing native plugins compatible for Editor in 3.20 ms, found 3 plugins.
Native extension for OSXStandalone target not found
Native extension for WebGL target not found
Mono: successfully reloaded assembly
Package Manager log level set to [2]
[Package Manager] Failed to launch server process. Reason: Unity was launched with the -noUpm command-line argument
[Package Manager] Unable to send message (not connected to server process).
[Package Manager] Cannot connect to Unity Package Manager local server
[Package Manager] Failed to launch server process. Reason: Unity was launched with the -noUpm command-line argument
[Package Manager] Unable to send message (not connected to server process).
[Package Manager] Cannot connect to Unity Package Manager local server
- Finished resetting the current domain, in  1.367 seconds
Domain Reload Profiling: 3114ms
	BeginReloadAssembly (262ms)
		ExecutionOrderSort (0ms)
		DisableScriptedObjects (11ms)
		BackupInstance (0ms)
		ReleaseScriptingObjects (0ms)
		CreateAndSetChildDomain (68ms)
	RebuildCommonClasses (89ms)
	RebuildNativeTypeToScriptingClass (22ms)
	initialDomainReloadingComplete (59ms)
	LoadAllAssembliesAndSetupDomain (1315ms)
		LoadAssemblies (965ms)
		RebuildTransferFunctionScriptingTraits (0ms)
		AnalyzeDomain (484ms)
			TypeCache.Refresh (350ms)
				TypeCache.ScanAssembly (324ms)
			BuildScriptInfoCaches (106ms)
			ResolveRequiredComponents (19ms)
	FinalizeReload (1368ms)
		ReleaseScriptCaches (0ms)
		RebuildScriptCaches (0ms)
		SetupLoadedEditorAssemblies (1104ms)
			LogAssemblyErrors (0ms)
			InitializePlatformSupportModulesInManaged (6ms)
			SetLoadedEditorAssemblies (8ms)
			BeforeProcessingInitializeOnLoad (195ms)
			ProcessInitializeOnLoadAttributes (681ms)
			ProcessInitializeOnLoadMethodAttributes (211ms)
			AfterProcessingInitializeOnLoad (1ms)
			EditorAssembliesLoaded (0ms)
		ExecutionOrderSort2 (0ms)
		AwakeInstancesAfterBackupRestoration (5ms)
Launching external process: /Applications/Unity/Hub/Editor/6000.0.43f1/Unity.app/Contents/Tools/UnityShaderCompiler
Launched and connected shader compiler UnityShaderCompiler after 0.10 seconds
Refreshing native plugins compatible for Editor in 2.23 ms, found 3 plugins.
Preloading 0 native plugins for Editor in 0.00 ms.
Unloading 206 Unused Serialized files (Serialized files now loaded: 0)
Unloading 6829 unused Assets / (4.1 MB). Loaded Objects now: 7513.
Memory consumption went from 179.5 MB to 175.4 MB.
Total: 12.384450 ms (FindLiveObjects: 1.031214 ms CreateObjectMapping: 1.542067 ms MarkObjects: 7.559506 ms  DeleteObjects: 2.250502 ms)

========================================================================
Received Import Request.
  Time since last request: 59202.679521 seconds.
  path: Assets/elements/intro
  artifactKey: Guid(dca154165249a479bb9499e8e51934af) Importer(815301076,1909f56bfc062723c751e8b465ee728b)
Start importing Assets/elements/intro using Guid(dca154165249a479bb9499e8e51934af) Importer(815301076,1909f56bfc062723c751e8b465ee728b) (PreviewImporter) -> (artifact id: 'ae01a4e739b12a48cda4b380cdb0807b') in 0.005727074 seconds
Number of updated asset objects reloaded before import = 0Number of asset objects unloaded after import = 0

========================================================================
Received Import Request.
  Time since last request: 29.084098 seconds.
  path: Assets/Scenes/Intro.unity
  artifactKey: Guid(e510d14ff699b4cbea18f346b447ba1d) Importer(815301076,1909f56bfc062723c751e8b465ee728b)
Start importing Assets/Scenes/Intro.unity using Guid(e510d14ff699b4cbea18f346b447ba1d) Importer(815301076,1909f56bfc062723c751e8b465ee728b) (PreviewImporter) -> (artifact id: '11bcdbb32be312dac26a58f3c80fe341') in 0.000744942 seconds
Number of updated asset objects reloaded before import = 0Number of asset objects unloaded after import = 0

========================================================================
Received Import Request.
  Time since last request: 717.932967 seconds.
  path: Assets/elements/intro/Intro app Mateo Final.mp4
  artifactKey: Guid(cd02faa895d1641c68f98189a3729fef) Importer(815301076,1909f56bfc062723c751e8b465ee728b)
Start importing Assets/elements/intro/Intro app Mateo Final.mp4 using Guid(cd02faa895d1641c68f98189a3729fef) Importer(815301076,1909f56bfc062723c751e8b465ee728b) (PreviewImporter) -> (artifact id: '5dccbea88b14b8d2057e794f6bd688c1') in 0.024592779 seconds
Number of updated asset objects reloaded before import = 0Number of asset objects unloaded after import = 1

========================================================================
Received Import Request.
  Time since last request: 110.050661 seconds.
  path: Assets/elements/intro/intro_mateo.mp4
  artifactKey: Guid(9ad42d2f801f140a78b2173c03aab060) Importer(815301076,1909f56bfc062723c751e8b465ee728b)
Start importing Assets/elements/intro/intro_mateo.mp4 using Guid(9ad42d2f801f140a78b2173c03aab060) Importer(815301076,1909f56bfc062723c751e8b465ee728b) (PreviewImporter) -> (artifact id: '936a74a463002a2cc2841ec8fa7af55d') in 0.000980416 seconds
Number of updated asset objects reloaded before import = 0Number of asset objects unloaded after import = 1

========================================================================
Received Import Request.
  Time since last request: 11.757746 seconds.
  path: Assets/elements/intro/introMateo.mp4
  artifactKey: Guid(9ad42d2f801f140a78b2173c03aab060) Importer(815301076,1909f56bfc062723c751e8b465ee728b)
Start importing Assets/elements/intro/introMateo.mp4 using Guid(9ad42d2f801f140a78b2173c03aab060) Importer(815301076,1909f56bfc062723c751e8b465ee728b) (PreviewImporter) -> (artifact id: '4e7646033653ab7ce2ce9abdda10cc98') in 0.000959185 seconds
Number of updated asset objects reloaded before import = 0Number of asset objects unloaded after import = 1

========================================================================
Received Import Request.
  Time since last request: 16.293871 seconds.
  path: Assets/elements/intro/intro-mateo.mp4
  artifactKey: Guid(9ad42d2f801f140a78b2173c03aab060) Importer(815301076,1909f56bfc062723c751e8b465ee728b)
Start importing Assets/elements/intro/intro-mateo.mp4 using Guid(9ad42d2f801f140a78b2173c03aab060) Importer(815301076,1909f56bfc062723c751e8b465ee728b) (PreviewImporter) -> (artifact id: 'c94ac8262cdd42b0251145a6e10624eb') in 0.001057376 seconds
Number of updated asset objects reloaded before import = 0Number of asset objects unloaded after import = 1

========================================================================
Received Import Request.
  Time since last request: 135.567057 seconds.
  path: Assets/StreamingAssets
  artifactKey: Guid(b9b3fa8a2b4cb42d7a5567e2c88c154d) Importer(815301076,1909f56bfc062723c751e8b465ee728b)
Start importing Assets/StreamingAssets using Guid(b9b3fa8a2b4cb42d7a5567e2c88c154d) Importer(815301076,1909f56bfc062723c751e8b465ee728b) (PreviewImporter) -> (artifact id: 'fd722bdc7527c8580db7a857b3f8c403') in 0.000713638 seconds
Number of updated asset objects reloaded before import = 0Number of asset objects unloaded after import = 0

========================================================================
Received Import Request.
  Time since last request: 10.824736 seconds.
  path: Assets/StreamingAssets/intro
  artifactKey: Guid(2430def6189a341c4a75d806c9dbc1c6) Importer(815301076,1909f56bfc062723c751e8b465ee728b)
Start importing Assets/StreamingAssets/intro using Guid(2430def6189a341c4a75d806c9dbc1c6) Importer(815301076,1909f56bfc062723c751e8b465ee728b) (PreviewImporter) -> (artifact id: 'cb9160ecf5d266de35cbb2fcdce291b9') in 0.000930675 seconds
Number of updated asset objects reloaded before import = 0Number of asset objects unloaded after import = 0

========================================================================
Received Import Request.
  Time since last request: 35.838789 seconds.
  path: Assets/StreamingAssets/intro/intro-mateo.mp4
  artifactKey: Guid(9ad42d2f801f140a78b2173c03aab060) Importer(815301076,1909f56bfc062723c751e8b465ee728b)
Start importing Assets/StreamingAssets/intro/intro-mateo.mp4 using Guid(9ad42d2f801f140a78b2173c03aab060) Importer(815301076,1909f56bfc062723c751e8b465ee728b) (PreviewImporter) -> (artifact id: 'b696967c47d8ae5a10d57fcfc8c5a49d') in 0.000973185 seconds
Number of updated asset objects reloaded before import = 0Number of asset objects unloaded after import = 1

========================================================================
Received Import Request.
  Time since last request: 27.927254 seconds.
  path: Assets/StreamingAssets/intro/intro_mateo.mp4
  artifactKey: Guid(9ad42d2f801f140a78b2173c03aab060) Importer(815301076,1909f56bfc062723c751e8b465ee728b)
Start importing Assets/StreamingAssets/intro/intro_mateo.mp4 using Guid(9ad42d2f801f140a78b2173c03aab060) Importer(815301076,1909f56bfc062723c751e8b465ee728b) (PreviewImporter) -> (artifact id: 'ba2f46769b3d761edbbfeb3d42b25dcf') in 0.000920727 seconds
Number of updated asset objects reloaded before import = 0Number of asset objects unloaded after import = 1

========================================================================
Received Import Request.
  Time since last request: 106.884958 seconds.
  path: Assets/StreamingAssets/intro/introMateo.mp4
  artifactKey: Guid(9ad42d2f801f140a78b2173c03aab060) Importer(815301076,1909f56bfc062723c751e8b465ee728b)
Start importing Assets/StreamingAssets/intro/introMateo.mp4 using Guid(9ad42d2f801f140a78b2173c03aab060) Importer(815301076,1909f56bfc062723c751e8b465ee728b) (PreviewImporter) -> (artifact id: 'f4e6ac7ef00e0d89cd1cc9908e36d190') in 0.000993428 seconds
Number of updated asset objects reloaded before import = 0Number of asset objects unloaded after import = 1

========================================================================
Received Import Request.
  Time since last request: 378.437356 seconds.
  path: Assets/StreamingAssets/intro/Carmen de Bolivar.mp4
  artifactKey: Guid(083e1f3f4d285493691184003bdf80b1) Importer(815301076,1909f56bfc062723c751e8b465ee728b)
Start importing Assets/StreamingAssets/intro/Carmen de Bolivar.mp4 using Guid(083e1f3f4d285493691184003bdf80b1) Importer(815301076,1909f56bfc062723c751e8b465ee728b) (PreviewImporter) -> (artifact id: '25dc1ec864bfaf6a398411b9c696bf68') in 0.009273301 seconds
Number of updated asset objects reloaded before import = 0Number of asset objects unloaded after import = 1

========================================================================
Received Import Request.
  Time since last request: 5.395605 seconds.
  path: Assets/StreamingAssets/intro/Cancion.mp4
  artifactKey: Guid(083e1f3f4d285493691184003bdf80b1) Importer(815301076,1909f56bfc062723c751e8b465ee728b)
Start importing Assets/StreamingAssets/intro/Cancion.mp4 using Guid(083e1f3f4d285493691184003bdf80b1) Importer(815301076,1909f56bfc062723c751e8b465ee728b) (PreviewImporter) -> (artifact id: '68bb31c9c1e620f9fde6fd59a8c6913e') in 0.001354619 seconds
Number of updated asset objects reloaded before import = 0Number of asset objects unloaded after import = 1

========================================================================
Received Import Request.
  Time since last request: 89.916319 seconds.
  path: Assets/StreamingAssets/intro/cancion.mp4
  artifactKey: Guid(083e1f3f4d285493691184003bdf80b1) Importer(815301076,1909f56bfc062723c751e8b465ee728b)
Start importing Assets/StreamingAssets/intro/cancion.mp4 using Guid(083e1f3f4d285493691184003bdf80b1) Importer(815301076,1909f56bfc062723c751e8b465ee728b) (PreviewImporter) -> (artifact id: '1636977ffaa180f8d851fe360911999e') in 0.00140471 seconds
Number of updated asset objects reloaded before import = 0Number of asset objects unloaded after import = 1

========================================================================
Received Import Request.
  Time since last request: 43.762968 seconds.
  path: Assets/StreamingAssets/intro/Cariñito.mov
  artifactKey: Guid(d2124efc452d74872bdcf31ad236d89d) Importer(815301076,1909f56bfc062723c751e8b465ee728b)
Start importing Assets/StreamingAssets/intro/Cariñito.mov using Guid(d2124efc452d74872bdcf31ad236d89d) Importer(815301076,1909f56bfc062723c751e8b465ee728b) (PreviewImporter) -> (artifact id: '17880f1324845a63f5af20d4b7b4216a') in 0.001608904 seconds
Number of updated asset objects reloaded before import = 0Number of asset objects unloaded after import = 1

========================================================================
Received Import Request.
  Time since last request: 5.602355 seconds.
  path: Assets/StreamingAssets/intro/carinito.mov
  artifactKey: Guid(d2124efc452d74872bdcf31ad236d89d) Importer(815301076,1909f56bfc062723c751e8b465ee728b)
Start importing Assets/StreamingAssets/intro/carinito.mov using Guid(d2124efc452d74872bdcf31ad236d89d) Importer(815301076,1909f56bfc062723c751e8b465ee728b) (PreviewImporter) -> (artifact id: 'fb22e5f08436121ef753609807e787a5') in 0.001981763 seconds
Number of updated asset objects reloaded before import = 0Number of asset objects unloaded after import = 1

========================================================================
Received Import Request.
  Time since last request: 72.044236 seconds.
  path: Assets/StreamingAssets/intro/Versos a mi madre.mp4
  artifactKey: Guid(8860110fbc75346bb889401b6842db94) Importer(815301076,1909f56bfc062723c751e8b465ee728b)
Start importing Assets/StreamingAssets/intro/Versos a mi madre.mp4 using Guid(8860110fbc75346bb889401b6842db94) Importer(815301076,1909f56bfc062723c751e8b465ee728b) (PreviewImporter) -> (artifact id: '7beae3222db292dbfbc805f55e98c040') in 0.0014412 seconds
Number of updated asset objects reloaded before import = 0Number of asset objects unloaded after import = 1

========================================================================
Received Import Request.
  Time since last request: 5.324980 seconds.
  path: Assets/StreamingAssets/intro/versos.mp4
  artifactKey: Guid(8860110fbc75346bb889401b6842db94) Importer(815301076,1909f56bfc062723c751e8b465ee728b)
Start importing Assets/StreamingAssets/intro/versos.mp4 using Guid(8860110fbc75346bb889401b6842db94) Importer(815301076,1909f56bfc062723c751e8b465ee728b) (PreviewImporter) -> (artifact id: '975d8c26289904c12f3ea8393b7b98fa') in 0.000984409 seconds
Number of updated asset objects reloaded before import = 0Number of asset objects unloaded after import = 1

